{"C:\\Users\\Christophe Edem\\Desktop\\Adotevi_Christophe_9_09022022\\src\\constants\\routes.js": {"path":"C:\\Users\\Christophe Edem\\Desktop\\Adotevi_Christophe_9_09022022\\src\\constants\\routes.js","statementMap":{"0":{"start":{"line":6,"column":27},"end":{"line":11,"column":1}},"1":{"start":{"line":13,"column":22},"end":{"line":26,"column":1}},"2":{"start":{"line":14,"column":2},"end":{"line":25,"column":3}},"3":{"start":{"line":16,"column":6},"end":{"line":16,"column":46}},"4":{"start":{"line":18,"column":6},"end":{"line":18,"column":46}},"5":{"start":{"line":20,"column":6},"end":{"line":20,"column":24}},"6":{"start":{"line":22,"column":6},"end":{"line":22,"column":50}},"7":{"start":{"line":24,"column":6},"end":{"line":24,"column":46}}},"fnMap":{"0":{"name":"(anonymous_0)","decl":{"start":{"line":13,"column":22},"end":{"line":13,"column":23}},"loc":{"start":{"line":13,"column":62},"end":{"line":26,"column":1}},"line":13}},"branchMap":{"0":{"loc":{"start":{"line":14,"column":2},"end":{"line":25,"column":3}},"type":"switch","locations":[{"start":{"line":15,"column":4},"end":{"line":16,"column":46}},{"start":{"line":17,"column":4},"end":{"line":18,"column":46}},{"start":{"line":19,"column":4},"end":{"line":20,"column":24}},{"start":{"line":21,"column":4},"end":{"line":22,"column":50}},{"start":{"line":23,"column":4},"end":{"line":24,"column":46}}],"line":14}},"s":{"0":6,"1":6,"2":24,"3":3,"4":8,"5":3,"6":7,"7":3},"f":{"0":24},"b":{"0":[3,8,3,7,3]},"_coverageSchema":"1a1c01bbd47fc00a2c39e90264f33305004495a9","hash":"437a7b9ab47ead2eb6086e6643a13bc214899f9d"}
,"C:\\Users\\Christophe Edem\\Desktop\\Adotevi_Christophe_9_09022022\\src\\constants\\usersTest.js": {"path":"C:\\Users\\Christophe Edem\\Desktop\\Adotevi_Christophe_9_09022022\\src\\constants\\usersTest.js","statementMap":{},"fnMap":{},"branchMap":{},"s":{},"f":{},"b":{},"_coverageSchema":"1a1c01bbd47fc00a2c39e90264f33305004495a9","hash":"9f7cad85e722d566bb1dddff85776d44b4532bb0"}
,"C:\\Users\\Christophe Edem\\Desktop\\Adotevi_Christophe_9_09022022\\src\\constants\\utils.js": {"path":"C:\\Users\\Christophe Edem\\Desktop\\Adotevi_Christophe_9_09022022\\src\\constants\\utils.js","statementMap":{"0":{"start":{"line":4,"column":2},"end":{"line":4,"column":76}},"1":{"start":{"line":5,"column":2},"end":{"line":8,"column":5}}},"fnMap":{"0":{"name":"setLocalStorage","decl":{"start":{"line":3,"column":16},"end":{"line":3,"column":31}},"loc":{"start":{"line":3,"column":42},"end":{"line":9,"column":1}},"line":3}},"branchMap":{},"s":{"0":3,"1":3},"f":{"0":3},"b":{},"_coverageSchema":"1a1c01bbd47fc00a2c39e90264f33305004495a9","hash":"0800ba7e5604287cbff85ca1fff7891448a6462c"}
,"C:\\Users\\Christophe Edem\\Desktop\\Adotevi_Christophe_9_09022022\\src\\containers\\Bills.js": {"path":"C:\\Users\\Christophe Edem\\Desktop\\Adotevi_Christophe_9_09022022\\src\\containers\\Bills.js","statementMap":{"0":{"start":{"line":7,"column":4},"end":{"line":7,"column":28}},"1":{"start":{"line":8,"column":4},"end":{"line":8,"column":32}},"2":{"start":{"line":9,"column":4},"end":{"line":9,"column":30}},"3":{"start":{"line":10,"column":26},"end":{"line":10,"column":86}},"4":{"start":{"line":11,"column":4},"end":{"line":11,"column":87}},"5":{"start":{"line":11,"column":23},"end":{"line":11,"column":87}},"6":{"start":{"line":12,"column":20},"end":{"line":12,"column":76}},"7":{"start":{"line":13,"column":4},"end":{"line":15,"column":6}},"8":{"start":{"line":13,"column":28},"end":{"line":15,"column":6}},"9":{"start":{"line":14,"column":6},"end":{"line":14,"column":74}},"10":{"start":{"line":14,"column":44},"end":{"line":14,"column":73}},"11":{"start":{"line":16,"column":4},"end":{"line":16,"column":54}},"12":{"start":{"line":19,"column":23},"end":{"line":21,"column":3}},"13":{"start":{"line":20,"column":4},"end":{"line":20,"column":43}},"14":{"start":{"line":23,"column":23},"end":{"line":28,"column":3}},"15":{"start":{"line":24,"column":20},"end":{"line":24,"column":54}},"16":{"start":{"line":25,"column":21},"end":{"line":25,"column":63}},"17":{"start":{"line":26,"column":4},"end":{"line":26,"column":128}},"18":{"start":{"line":27,"column":4},"end":{"line":27,"column":34}}},"fnMap":{"0":{"name":"(anonymous_0)","decl":{"start":{"line":6,"column":2},"end":{"line":6,"column":3}},"loc":{"start":{"line":6,"column":65},"end":{"line":17,"column":3}},"line":6},"1":{"name":"(anonymous_1)","decl":{"start":{"line":13,"column":44},"end":{"line":13,"column":45}},"loc":{"start":{"line":13,"column":52},"end":{"line":15,"column":5}},"line":13},"2":{"name":"(anonymous_2)","decl":{"start":{"line":14,"column":37},"end":{"line":14,"column":38}},"loc":{"start":{"line":14,"column":44},"end":{"line":14,"column":73}},"line":14},"3":{"name":"(anonymous_3)","decl":{"start":{"line":19,"column":23},"end":{"line":19,"column":24}},"loc":{"start":{"line":19,"column":28},"end":{"line":21,"column":3}},"line":19},"4":{"name":"(anonymous_4)","decl":{"start":{"line":23,"column":23},"end":{"line":23,"column":24}},"loc":{"start":{"line":23,"column":33},"end":{"line":28,"column":3}},"line":23}},"branchMap":{"0":{"loc":{"start":{"line":11,"column":4},"end":{"line":11,"column":87}},"type":"if","locations":[{"start":{"line":11,"column":4},"end":{"line":11,"column":87}},{"start":{"line":11,"column":4},"end":{"line":11,"column":87}}],"line":11},"1":{"loc":{"start":{"line":13,"column":4},"end":{"line":15,"column":6}},"type":"if","locations":[{"start":{"line":13,"column":4},"end":{"line":15,"column":6}},{"start":{"line":13,"column":4},"end":{"line":15,"column":6}}],"line":13}},"s":{"0":12,"1":12,"2":12,"3":12,"4":12,"5":8,"6":12,"7":12,"8":6,"9":24,"10":3,"11":12,"12":12,"13":2,"14":12,"15":2,"16":2,"17":2,"18":2},"f":{"0":12,"1":24,"2":3,"3":2,"4":2},"b":{"0":[8,4],"1":[6,6]},"_coverageSchema":"1a1c01bbd47fc00a2c39e90264f33305004495a9","hash":"357e4133710bbc846e9f4653963de93be204537a"}
,"C:\\Users\\Christophe Edem\\Desktop\\Adotevi_Christophe_9_09022022\\src\\containers\\Dashboard.js": {"path":"C:\\Users\\Christophe Edem\\Desktop\\Adotevi_Christophe_9_09022022\\src\\containers\\Dashboard.js","statementMap":{"0":{"start":{"line":8,"column":29},"end":{"line":18,"column":1}},"1":{"start":{"line":9,"column":2},"end":{"line":17,"column":11}},"2":{"start":{"line":11,"column":24},"end":{"line":12,"column":54}},"3":{"start":{"line":14,"column":8},"end":{"line":15,"column":55}},"4":{"start":{"line":16,"column":6},"end":{"line":16,"column":28}},"5":{"start":{"line":20,"column":20},"end":{"line":41,"column":1}},"6":{"start":{"line":21,"column":28},"end":{"line":21,"column":52}},"7":{"start":{"line":22,"column":20},"end":{"line":22,"column":90}},"8":{"start":{"line":23,"column":19},"end":{"line":23,"column":104}},"9":{"start":{"line":25,"column":2},"end":{"line":40,"column":4}},"10":{"start":{"line":43,"column":21},"end":{"line":45,"column":1}},"11":{"start":{"line":44,"column":2},"end":{"line":44,"column":76}},"12":{"start":{"line":44,"column":51},"end":{"line":44,"column":61}},"13":{"start":{"line":47,"column":25},"end":{"line":56,"column":1}},"14":{"start":{"line":48,"column":2},"end":{"line":55,"column":3}},"15":{"start":{"line":50,"column":6},"end":{"line":50,"column":22}},"16":{"start":{"line":52,"column":6},"end":{"line":52,"column":23}},"17":{"start":{"line":54,"column":6},"end":{"line":54,"column":22}},"18":{"start":{"line":60,"column":4},"end":{"line":60,"column":28}},"19":{"start":{"line":61,"column":4},"end":{"line":61,"column":32}},"20":{"start":{"line":62,"column":4},"end":{"line":62,"column":30}},"21":{"start":{"line":63,"column":4},"end":{"line":63,"column":71}},"22":{"start":{"line":63,"column":35},"end":{"line":63,"column":70}},"23":{"start":{"line":64,"column":4},"end":{"line":64,"column":71}},"24":{"start":{"line":64,"column":35},"end":{"line":64,"column":70}},"25":{"start":{"line":65,"column":4},"end":{"line":65,"column":71}},"26":{"start":{"line":65,"column":35},"end":{"line":65,"column":70}},"27":{"start":{"line":66,"column":4},"end":{"line":66,"column":27}},"28":{"start":{"line":67,"column":4},"end":{"line":67,"column":44}},"29":{"start":{"line":70,"column":23},"end":{"line":75,"column":3}},"30":{"start":{"line":71,"column":20},"end":{"line":71,"column":58}},"31":{"start":{"line":72,"column":21},"end":{"line":72,"column":69}},"32":{"start":{"line":73,"column":4},"end":{"line":73,"column":134}},"33":{"start":{"line":74,"column":4},"end":{"line":74,"column":96}},"34":{"start":{"line":74,"column":60},"end":{"line":74,"column":96}},"35":{"start":{"line":78,"column":4},"end":{"line":78,"column":75}},"36":{"start":{"line":78,"column":59},"end":{"line":78,"column":75}},"37":{"start":{"line":79,"column":4},"end":{"line":79,"column":71}},"38":{"start":{"line":79,"column":54},"end":{"line":79,"column":71}},"39":{"start":{"line":80,"column":4},"end":{"line":96,"column":5}},"40":{"start":{"line":81,"column":6},"end":{"line":83,"column":8}},"41":{"start":{"line":82,"column":8},"end":{"line":82,"column":61}},"42":{"start":{"line":84,"column":6},"end":{"line":84,"column":62}},"43":{"start":{"line":85,"column":6},"end":{"line":85,"column":69}},"44":{"start":{"line":86,"column":6},"end":{"line":86,"column":52}},"45":{"start":{"line":87,"column":6},"end":{"line":87,"column":20}},"46":{"start":{"line":89,"column":6},"end":{"line":89,"column":62}},"47":{"start":{"line":91,"column":6},"end":{"line":93,"column":8}},"48":{"start":{"line":94,"column":6},"end":{"line":94,"column":52}},"49":{"start":{"line":95,"column":6},"end":{"line":95,"column":20}},"50":{"start":{"line":97,"column":4},"end":{"line":97,"column":51}},"51":{"start":{"line":98,"column":4},"end":{"line":98,"column":72}},"52":{"start":{"line":98,"column":39},"end":{"line":98,"column":71}},"53":{"start":{"line":99,"column":4},"end":{"line":99,"column":72}},"54":{"start":{"line":99,"column":39},"end":{"line":99,"column":71}},"55":{"start":{"line":102,"column":23},"end":{"line":110,"column":3}},"56":{"start":{"line":103,"column":20},"end":{"line":107,"column":5}},"57":{"start":{"line":108,"column":4},"end":{"line":108,"column":28}},"58":{"start":{"line":109,"column":4},"end":{"line":109,"column":45}},"59":{"start":{"line":112,"column":23},"end":{"line":120,"column":3}},"60":{"start":{"line":113,"column":20},"end":{"line":117,"column":5}},"61":{"start":{"line":118,"column":4},"end":{"line":118,"column":28}},"62":{"start":{"line":119,"column":4},"end":{"line":119,"column":45}},"63":{"start":{"line":123,"column":4},"end":{"line":123,"column":76}},"64":{"start":{"line":123,"column":60},"end":{"line":123,"column":76}},"65":{"start":{"line":124,"column":4},"end":{"line":124,"column":76}},"66":{"start":{"line":124,"column":58},"end":{"line":124,"column":76}},"67":{"start":{"line":125,"column":4},"end":{"line":135,"column":5}},"68":{"start":{"line":126,"column":6},"end":{"line":126,"column":70}},"69":{"start":{"line":127,"column":6},"end":{"line":128,"column":65}},"70":{"start":{"line":129,"column":6},"end":{"line":129,"column":20}},"71":{"start":{"line":131,"column":6},"end":{"line":131,"column":71}},"72":{"start":{"line":132,"column":6},"end":{"line":133,"column":17}},"73":{"start":{"line":134,"column":6},"end":{"line":134,"column":20}},"74":{"start":{"line":137,"column":4},"end":{"line":140,"column":6}},"75":{"start":{"line":138,"column":6},"end":{"line":138,"column":120}},"76":{"start":{"line":138,"column":82},"end":{"line":138,"column":119}},"77":{"start":{"line":142,"column":4},"end":{"line":142,"column":16}}},"fnMap":{"0":{"name":"(anonymous_0)","decl":{"start":{"line":8,"column":29},"end":{"line":8,"column":30}},"loc":{"start":{"line":8,"column":47},"end":{"line":18,"column":1}},"line":8},"1":{"name":"(anonymous_1)","decl":{"start":{"line":10,"column":16},"end":{"line":10,"column":17}},"loc":{"start":{"line":10,"column":24},"end":{"line":17,"column":5}},"line":10},"2":{"name":"(anonymous_2)","decl":{"start":{"line":20,"column":20},"end":{"line":20,"column":21}},"loc":{"start":{"line":20,"column":30},"end":{"line":41,"column":1}},"line":20},"3":{"name":"(anonymous_3)","decl":{"start":{"line":43,"column":21},"end":{"line":43,"column":22}},"loc":{"start":{"line":43,"column":32},"end":{"line":45,"column":1}},"line":43},"4":{"name":"(anonymous_4)","decl":{"start":{"line":44,"column":43},"end":{"line":44,"column":44}},"loc":{"start":{"line":44,"column":51},"end":{"line":44,"column":61}},"line":44},"5":{"name":"(anonymous_5)","decl":{"start":{"line":47,"column":25},"end":{"line":47,"column":26}},"loc":{"start":{"line":47,"column":36},"end":{"line":56,"column":1}},"line":47},"6":{"name":"(anonymous_6)","decl":{"start":{"line":59,"column":2},"end":{"line":59,"column":3}},"loc":{"start":{"line":59,"column":72},"end":{"line":68,"column":3}},"line":59},"7":{"name":"(anonymous_7)","decl":{"start":{"line":63,"column":28},"end":{"line":63,"column":29}},"loc":{"start":{"line":63,"column":35},"end":{"line":63,"column":70}},"line":63},"8":{"name":"(anonymous_8)","decl":{"start":{"line":64,"column":28},"end":{"line":64,"column":29}},"loc":{"start":{"line":64,"column":35},"end":{"line":64,"column":70}},"line":64},"9":{"name":"(anonymous_9)","decl":{"start":{"line":65,"column":28},"end":{"line":65,"column":29}},"loc":{"start":{"line":65,"column":35},"end":{"line":65,"column":70}},"line":65},"10":{"name":"(anonymous_10)","decl":{"start":{"line":70,"column":23},"end":{"line":70,"column":24}},"loc":{"start":{"line":70,"column":29},"end":{"line":75,"column":3}},"line":70},"11":{"name":"(anonymous_11)","decl":{"start":{"line":77,"column":2},"end":{"line":77,"column":3}},"loc":{"start":{"line":77,"column":35},"end":{"line":100,"column":3}},"line":77},"12":{"name":"(anonymous_12)","decl":{"start":{"line":81,"column":20},"end":{"line":81,"column":21}},"loc":{"start":{"line":81,"column":25},"end":{"line":83,"column":7}},"line":81},"13":{"name":"(anonymous_13)","decl":{"start":{"line":98,"column":32},"end":{"line":98,"column":33}},"loc":{"start":{"line":98,"column":39},"end":{"line":98,"column":71}},"line":98},"14":{"name":"(anonymous_14)","decl":{"start":{"line":99,"column":32},"end":{"line":99,"column":33}},"loc":{"start":{"line":99,"column":39},"end":{"line":99,"column":71}},"line":99},"15":{"name":"(anonymous_15)","decl":{"start":{"line":102,"column":23},"end":{"line":102,"column":24}},"loc":{"start":{"line":102,"column":36},"end":{"line":110,"column":3}},"line":102},"16":{"name":"(anonymous_16)","decl":{"start":{"line":112,"column":23},"end":{"line":112,"column":24}},"loc":{"start":{"line":112,"column":36},"end":{"line":120,"column":3}},"line":112},"17":{"name":"(anonymous_17)","decl":{"start":{"line":122,"column":2},"end":{"line":122,"column":3}},"loc":{"start":{"line":122,"column":37},"end":{"line":144,"column":3}},"line":122},"18":{"name":"(anonymous_18)","decl":{"start":{"line":137,"column":18},"end":{"line":137,"column":19}},"loc":{"start":{"line":137,"column":26},"end":{"line":140,"column":5}},"line":137},"19":{"name":"(anonymous_19)","decl":{"start":{"line":138,"column":75},"end":{"line":138,"column":76}},"loc":{"start":{"line":138,"column":82},"end":{"line":138,"column":119}},"line":138}},"branchMap":{"0":{"loc":{"start":{"line":9,"column":9},"end":{"line":17,"column":11}},"type":"cond-expr","locations":[{"start":{"line":10,"column":4},"end":{"line":17,"column":6}},{"start":{"line":17,"column":9},"end":{"line":17,"column":11}}],"line":9},"1":{"loc":{"start":{"line":9,"column":10},"end":{"line":9,"column":29}},"type":"binary-expr","locations":[{"start":{"line":9,"column":10},"end":{"line":9,"column":14}},{"start":{"line":9,"column":18},"end":{"line":9,"column":29}}],"line":9},"2":{"loc":{"start":{"line":11,"column":24},"end":{"line":12,"column":54}},"type":"cond-expr","locations":[{"start":{"line":11,"column":56},"end":{"line":11,"column":69}},{"start":{"line":12,"column":8},"end":{"line":12,"column":54}}],"line":11},"3":{"loc":{"start":{"line":14,"column":8},"end":{"line":15,"column":55}},"type":"binary-expr","locations":[{"start":{"line":14,"column":9},"end":{"line":14,"column":31}},{"start":{"line":15,"column":8},"end":{"line":15,"column":55}}],"line":14},"4":{"loc":{"start":{"line":22,"column":20},"end":{"line":22,"column":90}},"type":"cond-expr","locations":[{"start":{"line":22,"column":54},"end":{"line":22,"column":85}},{"start":{"line":22,"column":88},"end":{"line":22,"column":90}}],"line":22},"5":{"loc":{"start":{"line":23,"column":19},"end":{"line":23,"column":104}},"type":"cond-expr","locations":[{"start":{"line":23,"column":53},"end":{"line":23,"column":84}},{"start":{"line":23,"column":87},"end":{"line":23,"column":104}}],"line":23},"6":{"loc":{"start":{"line":44,"column":9},"end":{"line":44,"column":76}},"type":"cond-expr","locations":[{"start":{"line":44,"column":33},"end":{"line":44,"column":71}},{"start":{"line":44,"column":74},"end":{"line":44,"column":76}}],"line":44},"7":{"loc":{"start":{"line":44,"column":9},"end":{"line":44,"column":30}},"type":"binary-expr","locations":[{"start":{"line":44,"column":9},"end":{"line":44,"column":14}},{"start":{"line":44,"column":18},"end":{"line":44,"column":30}}],"line":44},"8":{"loc":{"start":{"line":48,"column":2},"end":{"line":55,"column":3}},"type":"switch","locations":[{"start":{"line":49,"column":4},"end":{"line":50,"column":22}},{"start":{"line":51,"column":4},"end":{"line":52,"column":23}},{"start":{"line":53,"column":4},"end":{"line":54,"column":22}}],"line":48},"9":{"loc":{"start":{"line":74,"column":4},"end":{"line":74,"column":96}},"type":"if","locations":[{"start":{"line":74,"column":4},"end":{"line":74,"column":96}},{"start":{"line":74,"column":4},"end":{"line":74,"column":96}}],"line":74},"10":{"loc":{"start":{"line":78,"column":4},"end":{"line":78,"column":75}},"type":"if","locations":[{"start":{"line":78,"column":4},"end":{"line":78,"column":75}},{"start":{"line":78,"column":4},"end":{"line":78,"column":75}}],"line":78},"11":{"loc":{"start":{"line":78,"column":8},"end":{"line":78,"column":57}},"type":"binary-expr","locations":[{"start":{"line":78,"column":8},"end":{"line":78,"column":34}},{"start":{"line":78,"column":38},"end":{"line":78,"column":57}}],"line":78},"12":{"loc":{"start":{"line":79,"column":4},"end":{"line":79,"column":71}},"type":"if","locations":[{"start":{"line":79,"column":4},"end":{"line":79,"column":71}},{"start":{"line":79,"column":4},"end":{"line":79,"column":71}}],"line":79},"13":{"loc":{"start":{"line":79,"column":8},"end":{"line":79,"column":52}},"type":"binary-expr","locations":[{"start":{"line":79,"column":8},"end":{"line":79,"column":29}},{"start":{"line":79,"column":33},"end":{"line":79,"column":52}}],"line":79},"14":{"loc":{"start":{"line":80,"column":4},"end":{"line":96,"column":5}},"type":"if","locations":[{"start":{"line":80,"column":4},"end":{"line":96,"column":5}},{"start":{"line":80,"column":4},"end":{"line":96,"column":5}}],"line":80},"15":{"loc":{"start":{"line":123,"column":4},"end":{"line":123,"column":76}},"type":"if","locations":[{"start":{"line":123,"column":4},"end":{"line":123,"column":76}},{"start":{"line":123,"column":4},"end":{"line":123,"column":76}}],"line":123},"16":{"loc":{"start":{"line":123,"column":8},"end":{"line":123,"column":58}},"type":"binary-expr","locations":[{"start":{"line":123,"column":8},"end":{"line":123,"column":34}},{"start":{"line":123,"column":38},"end":{"line":123,"column":58}}],"line":123},"17":{"loc":{"start":{"line":124,"column":4},"end":{"line":124,"column":76}},"type":"if","locations":[{"start":{"line":124,"column":4},"end":{"line":124,"column":76}},{"start":{"line":124,"column":4},"end":{"line":124,"column":76}}],"line":124},"18":{"loc":{"start":{"line":124,"column":8},"end":{"line":124,"column":56}},"type":"binary-expr","locations":[{"start":{"line":124,"column":8},"end":{"line":124,"column":32}},{"start":{"line":124,"column":36},"end":{"line":124,"column":56}}],"line":124},"19":{"loc":{"start":{"line":125,"column":4},"end":{"line":135,"column":5}},"type":"if","locations":[{"start":{"line":125,"column":4},"end":{"line":135,"column":5}},{"start":{"line":125,"column":4},"end":{"line":135,"column":5}}],"line":125}},"s":{"0":6,"1":33,"2":24,"3":24,"4":24,"5":6,"6":12,"7":12,"8":12,"9":12,"10":6,"11":6,"12":12,"13":6,"14":3,"15":1,"16":1,"17":1,"18":6,"19":6,"20":6,"21":6,"22":0,"23":6,"24":0,"25":6,"26":0,"27":6,"28":6,"29":6,"30":1,"31":1,"32":1,"33":1,"34":0,"35":4,"36":2,"37":4,"38":2,"39":4,"40":2,"41":8,"42":2,"43":2,"44":2,"45":2,"46":2,"47":2,"48":2,"49":2,"50":4,"51":4,"52":0,"53":4,"54":0,"55":6,"56":1,"57":1,"58":1,"59":6,"60":1,"61":1,"62":1,"63":4,"64":3,"65":4,"66":3,"67":4,"68":3,"69":3,"70":3,"71":1,"72":1,"73":1,"74":4,"75":16,"76":0,"77":4},"f":{"0":33,"1":24,"2":12,"3":6,"4":12,"5":3,"6":6,"7":0,"8":0,"9":0,"10":1,"11":4,"12":8,"13":0,"14":0,"15":1,"16":1,"17":4,"18":16,"19":0},"b":{"0":[6,27],"1":[33,6],"2":[24,0],"3":[24,8],"4":[8,4],"5":[8,4],"6":[5,1],"7":[6,6],"8":[1,1,1],"9":[0,1],"10":[2,2],"11":[4,2],"12":[2,2],"13":[4,2],"14":[2,2],"15":[3,1],"16":[4,3],"17":[3,1],"18":[4,3],"19":[3,1]},"_coverageSchema":"1a1c01bbd47fc00a2c39e90264f33305004495a9","hash":"94ab03173d7a232fb5611b84a48493c192e7f4f7"}
,"C:\\Users\\Christophe Edem\\Desktop\\Adotevi_Christophe_9_09022022\\src\\containers\\Login.js": {"path":"C:\\Users\\Christophe Edem\\Desktop\\Adotevi_Christophe_9_09022022\\src\\containers\\Login.js","statementMap":{"0":{"start":{"line":3,"column":31},"end":{"line":3,"column":33}},"1":{"start":{"line":8,"column":4},"end":{"line":8,"column":28}},"2":{"start":{"line":9,"column":4},"end":{"line":9,"column":36}},"3":{"start":{"line":10,"column":4},"end":{"line":10,"column":32}},"4":{"start":{"line":11,"column":4},"end":{"line":11,"column":46}},"5":{"start":{"line":12,"column":4},"end":{"line":12,"column":30}},"6":{"start":{"line":13,"column":25},"end":{"line":13,"column":89}},"7":{"start":{"line":14,"column":4},"end":{"line":14,"column":70}},"8":{"start":{"line":15,"column":22},"end":{"line":15,"column":83}},"9":{"start":{"line":16,"column":4},"end":{"line":16,"column":64}},"10":{"start":{"line":18,"column":25},"end":{"line":33,"column":3}},"11":{"start":{"line":19,"column":17},"end":{"line":24,"column":5}},"12":{"start":{"line":25,"column":4},"end":{"line":25,"column":59}},"13":{"start":{"line":26,"column":23},"end":{"line":26,"column":51}},"14":{"start":{"line":27,"column":4},"end":{"line":27,"column":42}},"15":{"start":{"line":27,"column":21},"end":{"line":27,"column":42}},"16":{"start":{"line":28,"column":4},"end":{"line":28,"column":22}},"17":{"start":{"line":29,"column":4},"end":{"line":29,"column":41}},"18":{"start":{"line":30,"column":4},"end":{"line":30,"column":49}},"19":{"start":{"line":31,"column":4},"end":{"line":31,"column":46}},"20":{"start":{"line":32,"column":4},"end":{"line":32,"column":51}},"21":{"start":{"line":35,"column":22},"end":{"line":50,"column":3}},"22":{"start":{"line":36,"column":17},"end":{"line":41,"column":5}},"23":{"start":{"line":42,"column":4},"end":{"line":42,"column":59}},"24":{"start":{"line":43,"column":23},"end":{"line":43,"column":51}},"25":{"start":{"line":44,"column":4},"end":{"line":44,"column":42}},"26":{"start":{"line":44,"column":21},"end":{"line":44,"column":42}},"27":{"start":{"line":45,"column":4},"end":{"line":45,"column":22}},"28":{"start":{"line":46,"column":4},"end":{"line":46,"column":45}},"29":{"start":{"line":47,"column":4},"end":{"line":47,"column":53}},"30":{"start":{"line":48,"column":4},"end":{"line":48,"column":46}},"31":{"start":{"line":49,"column":4},"end":{"line":49,"column":46}},"32":{"start":{"line":54,"column":22},"end":{"line":72,"column":3}},"33":{"start":{"line":76,"column":15},"end":{"line":91,"column":3}}},"fnMap":{"0":{"name":"(anonymous_0)","decl":{"start":{"line":7,"column":2},"end":{"line":7,"column":3}},"loc":{"start":{"line":7,"column":84},"end":{"line":17,"column":3}},"line":7},"1":{"name":"(anonymous_1)","decl":{"start":{"line":18,"column":25},"end":{"line":18,"column":26}},"loc":{"start":{"line":18,"column":30},"end":{"line":33,"column":3}},"line":18},"2":{"name":"(anonymous_2)","decl":{"start":{"line":35,"column":22},"end":{"line":35,"column":23}},"loc":{"start":{"line":35,"column":27},"end":{"line":50,"column":3}},"line":35},"3":{"name":"(anonymous_3)","decl":{"start":{"line":54,"column":22},"end":{"line":54,"column":23}},"loc":{"start":{"line":54,"column":32},"end":{"line":72,"column":3}},"line":54},"4":{"name":"(anonymous_4)","decl":{"start":{"line":76,"column":15},"end":{"line":76,"column":16}},"loc":{"start":{"line":76,"column":25},"end":{"line":91,"column":3}},"line":76}},"branchMap":{"0":{"loc":{"start":{"line":27,"column":4},"end":{"line":27,"column":42}},"type":"if","locations":[{"start":{"line":27,"column":4},"end":{"line":27,"column":42}},{"start":{"line":27,"column":4},"end":{"line":27,"column":42}}],"line":27},"1":{"loc":{"start":{"line":44,"column":4},"end":{"line":44,"column":42}},"type":"if","locations":[{"start":{"line":44,"column":4},"end":{"line":44,"column":42}},{"start":{"line":44,"column":4},"end":{"line":44,"column":42}}],"line":44}},"s":{"0":2,"1":6,"2":6,"3":6,"4":6,"5":6,"6":6,"7":6,"8":6,"9":6,"10":6,"11":4,"12":4,"13":4,"14":4,"15":3,"16":4,"17":4,"18":4,"19":4,"20":4,"21":6,"22":4,"23":4,"24":4,"25":4,"26":3,"27":4,"28":4,"29":4,"30":4,"31":4,"32":6,"33":6},"f":{"0":6,"1":4,"2":4,"3":4,"4":4},"b":{"0":[3,1],"1":[3,1]},"_coverageSchema":"1a1c01bbd47fc00a2c39e90264f33305004495a9","hash":"19dedbaecc36b676524af9745eff6d3f8d33cedc"}
,"C:\\Users\\Christophe Edem\\Desktop\\Adotevi_Christophe_9_09022022\\src\\containers\\Logout.js": {"path":"C:\\Users\\Christophe Edem\\Desktop\\Adotevi_Christophe_9_09022022\\src\\containers\\Logout.js","statementMap":{"0":{"start":{"line":5,"column":4},"end":{"line":5,"column":28}},"1":{"start":{"line":6,"column":4},"end":{"line":6,"column":32}},"2":{"start":{"line":7,"column":4},"end":{"line":7,"column":36}},"3":{"start":{"line":8,"column":4},"end":{"line":8,"column":51}},"4":{"start":{"line":11,"column":16},"end":{"line":14,"column":3}},"5":{"start":{"line":12,"column":4},"end":{"line":12,"column":29}},"6":{"start":{"line":13,"column":4},"end":{"line":13,"column":41}}},"fnMap":{"0":{"name":"(anonymous_0)","decl":{"start":{"line":4,"column":2},"end":{"line":4,"column":3}},"loc":{"start":{"line":4,"column":54},"end":{"line":9,"column":3}},"line":4},"1":{"name":"(anonymous_1)","decl":{"start":{"line":11,"column":16},"end":{"line":11,"column":17}},"loc":{"start":{"line":11,"column":23},"end":{"line":14,"column":3}},"line":11}},"branchMap":{},"s":{"0":23,"1":23,"2":23,"3":23,"4":23,"5":2,"6":2},"f":{"0":23,"1":2},"b":{},"_coverageSchema":"1a1c01bbd47fc00a2c39e90264f33305004495a9","hash":"1956e08d2b5ab950002bcb29013ad930ee303b67"}
,"C:\\Users\\Christophe Edem\\Desktop\\Adotevi_Christophe_9_09022022\\src\\containers\\NewBill.js": {"path":"C:\\Users\\Christophe Edem\\Desktop\\Adotevi_Christophe_9_09022022\\src\\containers\\NewBill.js","statementMap":{"0":{"start":{"line":7,"column":4},"end":{"line":7,"column":28}},"1":{"start":{"line":8,"column":4},"end":{"line":8,"column":28}},"2":{"start":{"line":9,"column":4},"end":{"line":9,"column":32}},"3":{"start":{"line":10,"column":4},"end":{"line":10,"column":30}},"4":{"start":{"line":11,"column":24},"end":{"line":11,"column":88}},"5":{"start":{"line":12,"column":4},"end":{"line":12,"column":61}},"6":{"start":{"line":13,"column":17},"end":{"line":13,"column":73}},"7":{"start":{"line":14,"column":4},"end":{"line":14,"column":58}},"8":{"start":{"line":15,"column":4},"end":{"line":15,"column":23}},"9":{"start":{"line":16,"column":4},"end":{"line":16,"column":24}},"10":{"start":{"line":17,"column":4},"end":{"line":17,"column":54}},"11":{"start":{"line":19,"column":21},"end":{"line":41,"column":3}},"12":{"start":{"line":20,"column":17},"end":{"line":20,"column":82}},"13":{"start":{"line":21,"column":21},"end":{"line":21,"column":48}},"14":{"start":{"line":22,"column":21},"end":{"line":22,"column":48}},"15":{"start":{"line":23,"column":26},"end":{"line":23,"column":52}},"16":{"start":{"line":25,"column":4},"end":{"line":40,"column":5}},"17":{"start":{"line":26,"column":6},"end":{"line":34,"column":10}},"18":{"start":{"line":30,"column":26},"end":{"line":30,"column":55}},"19":{"start":{"line":32,"column":10},"end":{"line":32,"column":28}},"20":{"start":{"line":33,"column":10},"end":{"line":33,"column":34}},"21":{"start":{"line":36,"column":6},"end":{"line":36,"column":29}},"22":{"start":{"line":37,"column":6},"end":{"line":37,"column":26}},"23":{"start":{"line":38,"column":6},"end":{"line":38,"column":73}},"24":{"start":{"line":39,"column":6},"end":{"line":39,"column":63}},"25":{"start":{"line":43,"column":17},"end":{"line":63,"column":3}},"26":{"start":{"line":44,"column":4},"end":{"line":44,"column":22}},"27":{"start":{"line":45,"column":18},"end":{"line":45,"column":64}},"28":{"start":{"line":46,"column":17},"end":{"line":58,"column":5}},"29":{"start":{"line":59,"column":4},"end":{"line":62,"column":5}},"30":{"start":{"line":60,"column":6},"end":{"line":60,"column":27}},"31":{"start":{"line":61,"column":6},"end":{"line":61,"column":43}}},"fnMap":{"0":{"name":"(anonymous_0)","decl":{"start":{"line":6,"column":2},"end":{"line":6,"column":3}},"loc":{"start":{"line":6,"column":65},"end":{"line":18,"column":3}},"line":6},"1":{"name":"(anonymous_1)","decl":{"start":{"line":19,"column":21},"end":{"line":19,"column":22}},"loc":{"start":{"line":19,"column":26},"end":{"line":41,"column":3}},"line":19},"2":{"name":"(anonymous_2)","decl":{"start":{"line":30,"column":14},"end":{"line":30,"column":15}},"loc":{"start":{"line":30,"column":26},"end":{"line":30,"column":55}},"line":30},"3":{"name":"(anonymous_3)","decl":{"start":{"line":31,"column":14},"end":{"line":31,"column":15}},"loc":{"start":{"line":31,"column":21},"end":{"line":34,"column":9}},"line":31},"4":{"name":"(anonymous_4)","decl":{"start":{"line":43,"column":17},"end":{"line":43,"column":18}},"loc":{"start":{"line":43,"column":22},"end":{"line":63,"column":3}},"line":43}},"branchMap":{"0":{"loc":{"start":{"line":25,"column":4},"end":{"line":40,"column":5}},"type":"if","locations":[{"start":{"line":25,"column":4},"end":{"line":40,"column":5}},{"start":{"line":25,"column":4},"end":{"line":40,"column":5}}],"line":25},"1":{"loc":{"start":{"line":53,"column":11},"end":{"line":53,"column":83}},"type":"binary-expr","locations":[{"start":{"line":53,"column":11},"end":{"line":53,"column":77}},{"start":{"line":53,"column":81},"end":{"line":53,"column":83}}],"line":53},"2":{"loc":{"start":{"line":59,"column":4},"end":{"line":62,"column":5}},"type":"if","locations":[{"start":{"line":59,"column":4},"end":{"line":62,"column":5}},{"start":{"line":59,"column":4},"end":{"line":62,"column":5}}],"line":59}},"s":{"0":4,"1":4,"2":4,"3":4,"4":4,"5":4,"6":4,"7":4,"8":4,"9":4,"10":4,"11":4,"12":2,"13":2,"14":2,"15":2,"16":2,"17":1,"18":1,"19":1,"20":1,"21":1,"22":1,"23":1,"24":1,"25":4,"26":2,"27":2,"28":2,"29":2,"30":1,"31":1},"f":{"0":4,"1":2,"2":1,"3":1,"4":2},"b":{"0":[1,1],"1":[2,2],"2":[1,1]},"_coverageSchema":"1a1c01bbd47fc00a2c39e90264f33305004495a9","hash":"0a377ca463bd0a3cc3ba26cf16028e549697a95a"}
,"C:\\Users\\Christophe Edem\\Desktop\\Adotevi_Christophe_9_09022022\\src\\views\\Actions.js": {"path":"C:\\Users\\Christophe Edem\\Desktop\\Adotevi_Christophe_9_09022022\\src\\views\\Actions.js","statementMap":{"0":{"start":{"line":5,"column":2},"end":{"line":11,"column":3}}},"fnMap":{"0":{"name":"(anonymous_0)","decl":{"start":{"line":4,"column":15},"end":{"line":4,"column":16}},"loc":{"start":{"line":4,"column":28},"end":{"line":12,"column":1}},"line":4}},"branchMap":{},"s":{"0":26},"f":{"0":26},"b":{},"_coverageSchema":"1a1c01bbd47fc00a2c39e90264f33305004495a9","hash":"3ec41b983c1f794a764236eb342c1ece65812062"}
,"C:\\Users\\Christophe Edem\\Desktop\\Adotevi_Christophe_9_09022022\\src\\views\\BillsUI.js": {"path":"C:\\Users\\Christophe Edem\\Desktop\\Adotevi_Christophe_9_09022022\\src\\views\\BillsUI.js","statementMap":{"0":{"start":{"line":8,"column":12},"end":{"line":21,"column":1}},"1":{"start":{"line":9,"column":2},"end":{"line":20,"column":6}},"2":{"start":{"line":23,"column":13},"end":{"line":29,"column":1}},"3":{"start":{"line":24,"column":2},"end":{"line":28,"column":8}},"4":{"start":{"line":25,"column":22},"end":{"line":25,"column":64}},"5":{"start":{"line":26,"column":17},"end":{"line":26,"column":26}},"6":{"start":{"line":33,"column":16},"end":{"line":48,"column":4}},"7":{"start":{"line":33,"column":23},"end":{"line":48,"column":3}},"8":{"start":{"line":50,"column":2},"end":{"line":54,"column":3}},"9":{"start":{"line":51,"column":4},"end":{"line":51,"column":24}},"10":{"start":{"line":52,"column":9},"end":{"line":54,"column":3}},"11":{"start":{"line":53,"column":4},"end":{"line":53,"column":27}},"12":{"start":{"line":56,"column":2},"end":{"line":84,"column":3}}},"fnMap":{"0":{"name":"(anonymous_0)","decl":{"start":{"line":8,"column":12},"end":{"line":8,"column":13}},"loc":{"start":{"line":8,"column":22},"end":{"line":21,"column":1}},"line":8},"1":{"name":"(anonymous_1)","decl":{"start":{"line":23,"column":13},"end":{"line":23,"column":14}},"loc":{"start":{"line":23,"column":23},"end":{"line":29,"column":1}},"line":23},"2":{"name":"(anonymous_2)","decl":{"start":{"line":25,"column":10},"end":{"line":25,"column":11}},"loc":{"start":{"line":25,"column":20},"end":{"line":25,"column":66}},"line":25},"3":{"name":"(anonymous_3)","decl":{"start":{"line":26,"column":9},"end":{"line":26,"column":10}},"loc":{"start":{"line":26,"column":17},"end":{"line":26,"column":26}},"line":26},"4":{"name":"(anonymous_4)","decl":{"start":{"line":31,"column":15},"end":{"line":31,"column":16}},"loc":{"start":{"line":31,"column":52},"end":{"line":85,"column":1}},"line":31},"5":{"name":"(anonymous_5)","decl":{"start":{"line":33,"column":16},"end":{"line":33,"column":17}},"loc":{"start":{"line":33,"column":23},"end":{"line":48,"column":3}},"line":33}},"branchMap":{"0":{"loc":{"start":{"line":24,"column":9},"end":{"line":28,"column":8}},"type":"cond-expr","locations":[{"start":{"line":24,"column":33},"end":{"line":27,"column":13}},{"start":{"line":28,"column":6},"end":{"line":28,"column":8}}],"line":24},"1":{"loc":{"start":{"line":24,"column":10},"end":{"line":24,"column":29}},"type":"binary-expr","locations":[{"start":{"line":24,"column":10},"end":{"line":24,"column":14}},{"start":{"line":24,"column":18},"end":{"line":24,"column":29}}],"line":24},"2":{"loc":{"start":{"line":50,"column":2},"end":{"line":54,"column":3}},"type":"if","locations":[{"start":{"line":50,"column":2},"end":{"line":54,"column":3}},{"start":{"line":50,"column":2},"end":{"line":54,"column":3}}],"line":50},"3":{"loc":{"start":{"line":52,"column":9},"end":{"line":54,"column":3}},"type":"if","locations":[{"start":{"line":52,"column":9},"end":{"line":54,"column":3}},{"start":{"line":52,"column":9},"end":{"line":54,"column":3}}],"line":52}},"s":{"0":6,"1":24,"2":6,"3":16,"4":21,"5":24,"6":22,"7":16,"8":22,"9":2,"10":20,"11":4,"12":16},"f":{"0":24,"1":16,"2":21,"3":24,"4":22,"5":16},"b":{"0":[6,10],"1":[16,11],"2":[2,20],"3":[4,16]},"_coverageSchema":"1a1c01bbd47fc00a2c39e90264f33305004495a9","hash":"3e65cc41537a0fe9c99831e49835e44e3e66e726"}
,"C:\\Users\\Christophe Edem\\Desktop\\Adotevi_Christophe_9_09022022\\src\\views\\DashboardFormUI.js": {"path":"C:\\Users\\Christophe Edem\\Desktop\\Adotevi_Christophe_9_09022022\\src\\views\\DashboardFormUI.js","statementMap":{"0":{"start":{"line":7,"column":21},"end":{"line":22,"column":4}},"1":{"start":{"line":7,"column":28},"end":{"line":22,"column":3}},"2":{"start":{"line":26,"column":2},"end":{"line":101,"column":4}}},"fnMap":{"0":{"name":"(anonymous_0)","decl":{"start":{"line":7,"column":21},"end":{"line":7,"column":22}},"loc":{"start":{"line":7,"column":28},"end":{"line":22,"column":3}},"line":7},"1":{"name":"(anonymous_1)","decl":{"start":{"line":24,"column":15},"end":{"line":24,"column":16}},"loc":{"start":{"line":24,"column":25},"end":{"line":102,"column":1}},"line":24}},"branchMap":{"0":{"loc":{"start":{"line":79,"column":9},"end":{"line":89,"column":9}},"type":"cond-expr","locations":[{"start":{"line":79,"column":38},"end":{"line":84,"column":8}},{"start":{"line":84,"column":13},"end":{"line":89,"column":8}}],"line":79},"1":{"loc":{"start":{"line":92,"column":8},"end":{"line":97,"column":13}},"type":"cond-expr","locations":[{"start":{"line":92,"column":37},"end":{"line":97,"column":7}},{"start":{"line":97,"column":11},"end":{"line":97,"column":13}}],"line":92}},"s":{"0":7,"1":9,"2":9},"f":{"0":9,"1":9},"b":{"0":[6,3],"1":[6,3]},"_coverageSchema":"1a1c01bbd47fc00a2c39e90264f33305004495a9","hash":"8431038610b89102082e7af014b525d34db553f5"}
,"C:\\Users\\Christophe Edem\\Desktop\\Adotevi_Christophe_9_09022022\\src\\views\\DashboardUI.js": {"path":"C:\\Users\\Christophe Edem\\Desktop\\Adotevi_Christophe_9_09022022\\src\\views\\DashboardUI.js","statementMap":{"0":{"start":{"line":10,"column":2},"end":{"line":14,"column":3}},"1":{"start":{"line":11,"column":4},"end":{"line":11,"column":24}},"2":{"start":{"line":12,"column":9},"end":{"line":14,"column":3}},"3":{"start":{"line":13,"column":4},"end":{"line":13,"column":27}},"4":{"start":{"line":16,"column":2},"end":{"line":48,"column":3}}},"fnMap":{"0":{"name":"(anonymous_0)","decl":{"start":{"line":8,"column":15},"end":{"line":8,"column":16}},"loc":{"start":{"line":8,"column":45},"end":{"line":49,"column":1}},"line":8}},"branchMap":{"0":{"loc":{"start":{"line":10,"column":2},"end":{"line":14,"column":3}},"type":"if","locations":[{"start":{"line":10,"column":2},"end":{"line":14,"column":3}},{"start":{"line":10,"column":2},"end":{"line":14,"column":3}}],"line":10},"1":{"loc":{"start":{"line":12,"column":9},"end":{"line":14,"column":3}},"type":"if","locations":[{"start":{"line":12,"column":9},"end":{"line":14,"column":3}},{"start":{"line":12,"column":9},"end":{"line":14,"column":3}}],"line":12},"2":{"loc":{"start":{"line":22,"column":45},"end":{"line":22,"column":63}},"type":"binary-expr","locations":[{"start":{"line":22,"column":45},"end":{"line":22,"column":49}},{"start":{"line":22,"column":53},"end":{"line":22,"column":63}}],"line":22},"3":{"loc":{"start":{"line":29,"column":43},"end":{"line":29,"column":61}},"type":"binary-expr","locations":[{"start":{"line":29,"column":43},"end":{"line":29,"column":47}},{"start":{"line":29,"column":51},"end":{"line":29,"column":61}}],"line":29},"4":{"loc":{"start":{"line":36,"column":43},"end":{"line":36,"column":61}},"type":"binary-expr","locations":[{"start":{"line":36,"column":43},"end":{"line":36,"column":47}},{"start":{"line":36,"column":51},"end":{"line":36,"column":61}}],"line":36}},"s":{"0":13,"1":1,"2":12,"3":3,"4":9},"f":{"0":13},"b":{"0":[1,12],"1":[3,9],"2":[9,2],"3":[9,2],"4":[9,2]},"_coverageSchema":"1a1c01bbd47fc00a2c39e90264f33305004495a9","hash":"6db0dd3bfff4e25f6f475d9193ac51c28d43d92a"}
,"C:\\Users\\Christophe Edem\\Desktop\\Adotevi_Christophe_9_09022022\\src\\views\\ErrorPage.js": {"path":"C:\\Users\\Christophe Edem\\Desktop\\Adotevi_Christophe_9_09022022\\src\\views\\ErrorPage.js","statementMap":{"0":{"start":{"line":5,"column":2},"end":{"line":16,"column":3}}},"fnMap":{"0":{"name":"(anonymous_0)","decl":{"start":{"line":3,"column":15},"end":{"line":3,"column":16}},"loc":{"start":{"line":3,"column":26},"end":{"line":17,"column":1}},"line":3}},"branchMap":{"0":{"loc":{"start":{"line":13,"column":12},"end":{"line":13,"column":30}},"type":"cond-expr","locations":[{"start":{"line":13,"column":20},"end":{"line":13,"column":25}},{"start":{"line":13,"column":28},"end":{"line":13,"column":30}}],"line":13}},"s":{"0":9},"f":{"0":9},"b":{"0":[8,1]},"_coverageSchema":"1a1c01bbd47fc00a2c39e90264f33305004495a9","hash":"b845b8125df93a0b03022c190665bb3bbedee923"}
,"C:\\Users\\Christophe Edem\\Desktop\\Adotevi_Christophe_9_09022022\\src\\views\\LoadingPage.js": {"path":"C:\\Users\\Christophe Edem\\Desktop\\Adotevi_Christophe_9_09022022\\src\\views\\LoadingPage.js","statementMap":{"0":{"start":{"line":5,"column":2},"end":{"line":12,"column":3}}},"fnMap":{"0":{"name":"(anonymous_0)","decl":{"start":{"line":3,"column":15},"end":{"line":3,"column":16}},"loc":{"start":{"line":3,"column":21},"end":{"line":13,"column":1}},"line":3}},"branchMap":{},"s":{"0":4},"f":{"0":4},"b":{},"_coverageSchema":"1a1c01bbd47fc00a2c39e90264f33305004495a9","hash":"036312edfef2e415d49b75c664e8ab3fe36c33af"}
,"C:\\Users\\Christophe Edem\\Desktop\\Adotevi_Christophe_9_09022022\\src\\views\\LoginUI.js": {"path":"C:\\Users\\Christophe Edem\\Desktop\\Adotevi_Christophe_9_09022022\\src\\views\\LoginUI.js","statementMap":{"0":{"start":{"line":4,"column":2},"end":{"line":46,"column":4}}},"fnMap":{"0":{"name":"(anonymous_0)","decl":{"start":{"line":2,"column":15},"end":{"line":2,"column":16}},"loc":{"start":{"line":2,"column":21},"end":{"line":47,"column":1}},"line":2}},"branchMap":{},"s":{"0":16},"f":{"0":16},"b":{},"_coverageSchema":"1a1c01bbd47fc00a2c39e90264f33305004495a9","hash":"ca39137587bf6078cce8cec0464611b27f887288"}
,"C:\\Users\\Christophe Edem\\Desktop\\Adotevi_Christophe_9_09022022\\src\\views\\NewBillUI.js": {"path":"C:\\Users\\Christophe Edem\\Desktop\\Adotevi_Christophe_9_09022022\\src\\views\\NewBillUI.js","statementMap":{"0":{"start":{"line":5,"column":2},"end":{"line":73,"column":4}}},"fnMap":{"0":{"name":"(anonymous_0)","decl":{"start":{"line":3,"column":15},"end":{"line":3,"column":16}},"loc":{"start":{"line":3,"column":21},"end":{"line":74,"column":1}},"line":3}},"branchMap":{},"s":{"0":8},"f":{"0":8},"b":{},"_coverageSchema":"1a1c01bbd47fc00a2c39e90264f33305004495a9","hash":"eca8e09471343f34a74ac4e84749de87938ce1bb"}
,"C:\\Users\\Christophe Edem\\Desktop\\Adotevi_Christophe_9_09022022\\src\\views\\VerticalLayout.js": {"path":"C:\\Users\\Christophe Edem\\Desktop\\Adotevi_Christophe_9_09022022\\src\\views\\VerticalLayout.js","statementMap":{"0":{"start":{"line":7,"column":4},"end":{"line":7,"column":51}},"1":{"start":{"line":8,"column":4},"end":{"line":10,"column":5}},"2":{"start":{"line":9,"column":6},"end":{"line":9,"column":29}},"3":{"start":{"line":11,"column":4},"end":{"line":39,"column":5}},"4":{"start":{"line":12,"column":6},"end":{"line":27,"column":7}},"5":{"start":{"line":29,"column":6},"end":{"line":38,"column":7}}},"fnMap":{"0":{"name":"(anonymous_0)","decl":{"start":{"line":5,"column":15},"end":{"line":5,"column":16}},"loc":{"start":{"line":5,"column":27},"end":{"line":40,"column":1}},"line":5}},"branchMap":{"0":{"loc":{"start":{"line":8,"column":4},"end":{"line":10,"column":5}},"type":"if","locations":[{"start":{"line":8,"column":4},"end":{"line":10,"column":5}},{"start":{"line":8,"column":4},"end":{"line":10,"column":5}}],"line":8},"1":{"loc":{"start":{"line":11,"column":4},"end":{"line":39,"column":5}},"type":"if","locations":[{"start":{"line":11,"column":4},"end":{"line":39,"column":5}},{"start":{"line":11,"column":4},"end":{"line":39,"column":5}}],"line":11},"2":{"loc":{"start":{"line":11,"column":8},"end":{"line":11,"column":40}},"type":"binary-expr","locations":[{"start":{"line":11,"column":8},"end":{"line":11,"column":12}},{"start":{"line":11,"column":16},"end":{"line":11,"column":40}}],"line":11}},"s":{"0":47,"1":47,"2":33,"3":47,"4":25,"5":22},"f":{"0":47},"b":{"0":[33,14],"1":[25,22],"2":[47,33]},"_coverageSchema":"1a1c01bbd47fc00a2c39e90264f33305004495a9","hash":"83c5ad9da1db760539b76b018d643099e67c2659"}
}
