TN:
SF:src\constants\routes.js
FN:13,(anonymous_0)
FNF:1
FNH:1
FNDA:24,(anonymous_0)
DA:6,6
DA:13,6
DA:14,24
DA:16,3
DA:18,8
DA:20,3
DA:22,7
DA:24,3
LF:8
LH:8
BRDA:14,0,0,3
BRDA:14,0,1,8
BRDA:14,0,2,3
BRDA:14,0,3,7
BRDA:14,0,4,3
BRF:5
BRH:5
end_of_record
TN:
SF:src\constants\usersTest.js
FNF:0
FNH:0
LF:0
LH:0
BRF:0
BRH:0
end_of_record
TN:
SF:src\constants\utils.js
FN:3,setLocalStorage
FNF:1
FNH:1
FNDA:3,setLocalStorage
DA:4,3
DA:5,3
LF:2
LH:2
BRF:0
BRH:0
end_of_record
TN:
SF:src\containers\Bills.js
FN:6,(anonymous_0)
FN:13,(anonymous_1)
FN:14,(anonymous_2)
FN:19,(anonymous_3)
FN:23,(anonymous_4)
FNF:5
FNH:5
FNDA:12,(anonymous_0)
FNDA:24,(anonymous_1)
FNDA:3,(anonymous_2)
FNDA:2,(anonymous_3)
FNDA:2,(anonymous_4)
DA:7,12
DA:8,12
DA:9,12
DA:10,12
DA:11,12
DA:12,12
DA:13,12
DA:14,24
DA:16,12
DA:19,12
DA:20,2
DA:23,12
DA:24,2
DA:25,2
DA:26,2
DA:27,2
LF:16
LH:16
BRDA:11,0,0,8
BRDA:11,0,1,4
BRDA:13,1,0,6
BRDA:13,1,1,6
BRF:4
BRH:4
end_of_record
TN:
SF:src\containers\Dashboard.js
FN:8,(anonymous_0)
FN:10,(anonymous_1)
FN:20,(anonymous_2)
FN:43,(anonymous_3)
FN:44,(anonymous_4)
FN:47,(anonymous_5)
FN:59,(anonymous_6)
FN:63,(anonymous_7)
FN:64,(anonymous_8)
FN:65,(anonymous_9)
FN:70,(anonymous_10)
FN:77,(anonymous_11)
FN:81,(anonymous_12)
FN:98,(anonymous_13)
FN:99,(anonymous_14)
FN:102,(anonymous_15)
FN:112,(anonymous_16)
FN:122,(anonymous_17)
FN:137,(anonymous_18)
FN:138,(anonymous_19)
FNF:20
FNH:14
FNDA:33,(anonymous_0)
FNDA:24,(anonymous_1)
FNDA:12,(anonymous_2)
FNDA:6,(anonymous_3)
FNDA:12,(anonymous_4)
FNDA:3,(anonymous_5)
FNDA:6,(anonymous_6)
FNDA:0,(anonymous_7)
FNDA:0,(anonymous_8)
FNDA:0,(anonymous_9)
FNDA:1,(anonymous_10)
FNDA:4,(anonymous_11)
FNDA:8,(anonymous_12)
FNDA:0,(anonymous_13)
FNDA:0,(anonymous_14)
FNDA:1,(anonymous_15)
FNDA:1,(anonymous_16)
FNDA:4,(anonymous_17)
FNDA:16,(anonymous_18)
FNDA:0,(anonymous_19)
DA:8,6
DA:9,33
DA:11,24
DA:14,24
DA:16,24
DA:20,6
DA:21,12
DA:22,12
DA:23,12
DA:25,12
DA:43,6
DA:44,12
DA:47,6
DA:48,3
DA:50,1
DA:52,1
DA:54,1
DA:60,6
DA:61,6
DA:62,6
DA:63,6
DA:64,6
DA:65,6
DA:66,6
DA:67,6
DA:70,6
DA:71,1
DA:72,1
DA:73,1
DA:74,1
DA:78,4
DA:79,4
DA:80,4
DA:81,2
DA:82,8
DA:84,2
DA:85,2
DA:86,2
DA:87,2
DA:89,2
DA:91,2
DA:94,2
DA:95,2
DA:97,4
DA:98,4
DA:99,4
DA:102,6
DA:103,1
DA:108,1
DA:109,1
DA:112,6
DA:113,1
DA:118,1
DA:119,1
DA:123,4
DA:124,4
DA:125,4
DA:126,3
DA:127,3
DA:129,3
DA:131,1
DA:132,1
DA:134,1
DA:137,4
DA:138,16
DA:142,4
LF:66
LH:66
BRDA:9,0,0,6
BRDA:9,0,1,27
BRDA:9,1,0,33
BRDA:9,1,1,6
BRDA:11,2,0,24
BRDA:11,2,1,0
BRDA:14,3,0,24
BRDA:14,3,1,8
BRDA:22,4,0,8
BRDA:22,4,1,4
BRDA:23,5,0,8
BRDA:23,5,1,4
BRDA:44,6,0,5
BRDA:44,6,1,1
BRDA:44,7,0,6
BRDA:44,7,1,6
BRDA:48,8,0,1
BRDA:48,8,1,1
BRDA:48,8,2,1
BRDA:74,9,0,0
BRDA:74,9,1,1
BRDA:78,10,0,2
BRDA:78,10,1,2
BRDA:78,11,0,4
BRDA:78,11,1,2
BRDA:79,12,0,2
BRDA:79,12,1,2
BRDA:79,13,0,4
BRDA:79,13,1,2
BRDA:80,14,0,2
BRDA:80,14,1,2
BRDA:123,15,0,3
BRDA:123,15,1,1
BRDA:123,16,0,4
BRDA:123,16,1,3
BRDA:124,17,0,3
BRDA:124,17,1,1
BRDA:124,18,0,4
BRDA:124,18,1,3
BRDA:125,19,0,3
BRDA:125,19,1,1
BRF:41
BRH:39
end_of_record
TN:
SF:src\containers\Login.js
FN:7,(anonymous_0)
FN:18,(anonymous_1)
FN:35,(anonymous_2)
FN:54,(anonymous_3)
FN:76,(anonymous_4)
FNF:5
FNH:5
FNDA:6,(anonymous_0)
FNDA:4,(anonymous_1)
FNDA:4,(anonymous_2)
FNDA:4,(anonymous_3)
FNDA:4,(anonymous_4)
DA:3,2
DA:8,6
DA:9,6
DA:10,6
DA:11,6
DA:12,6
DA:13,6
DA:14,6
DA:15,6
DA:16,6
DA:18,6
DA:19,4
DA:25,4
DA:26,4
DA:27,4
DA:28,4
DA:29,4
DA:30,4
DA:31,4
DA:32,4
DA:35,6
DA:36,4
DA:42,4
DA:43,4
DA:44,4
DA:45,4
DA:46,4
DA:47,4
DA:48,4
DA:49,4
DA:54,6
DA:76,6
LF:32
LH:32
BRDA:27,0,0,3
BRDA:27,0,1,1
BRDA:44,1,0,3
BRDA:44,1,1,1
BRF:4
BRH:4
end_of_record
TN:
SF:src\containers\Logout.js
FN:4,(anonymous_0)
FN:11,(anonymous_1)
FNF:2
FNH:2
FNDA:23,(anonymous_0)
FNDA:2,(anonymous_1)
DA:5,23
DA:6,23
DA:7,23
DA:8,23
DA:11,23
DA:12,2
DA:13,2
LF:7
LH:7
BRF:0
BRH:0
end_of_record
TN:
SF:src\containers\NewBill.js
FN:6,(anonymous_0)
FN:19,(anonymous_1)
FN:30,(anonymous_2)
FN:31,(anonymous_3)
FN:43,(anonymous_4)
FNF:5
FNH:5
FNDA:4,(anonymous_0)
FNDA:2,(anonymous_1)
FNDA:1,(anonymous_2)
FNDA:1,(anonymous_3)
FNDA:2,(anonymous_4)
DA:7,4
DA:8,4
DA:9,4
DA:10,4
DA:11,4
DA:12,4
DA:13,4
DA:14,4
DA:15,4
DA:16,4
DA:17,4
DA:19,4
DA:20,2
DA:21,2
DA:22,2
DA:23,2
DA:25,2
DA:26,1
DA:30,1
DA:32,1
DA:33,1
DA:36,1
DA:37,1
DA:38,1
DA:39,1
DA:43,4
DA:44,2
DA:45,2
DA:46,2
DA:59,2
DA:60,1
DA:61,1
LF:32
LH:32
BRDA:25,0,0,1
BRDA:25,0,1,1
BRDA:53,1,0,2
BRDA:53,1,1,2
BRDA:59,2,0,1
BRDA:59,2,1,1
BRF:6
BRH:6
end_of_record
TN:
SF:src\views\Actions.js
FN:4,(anonymous_0)
FNF:1
FNH:1
FNDA:26,(anonymous_0)
DA:5,26
LF:1
LH:1
BRF:0
BRH:0
end_of_record
TN:
SF:src\views\BillsUI.js
FN:8,(anonymous_0)
FN:23,(anonymous_1)
FN:25,(anonymous_2)
FN:26,(anonymous_3)
FN:31,(anonymous_4)
FN:33,(anonymous_5)
FNF:6
FNH:6
FNDA:24,(anonymous_0)
FNDA:16,(anonymous_1)
FNDA:21,(anonymous_2)
FNDA:24,(anonymous_3)
FNDA:22,(anonymous_4)
FNDA:16,(anonymous_5)
DA:8,6
DA:9,24
DA:23,6
DA:24,16
DA:25,21
DA:26,24
DA:33,22
DA:50,22
DA:51,2
DA:52,20
DA:53,4
DA:56,16
LF:12
LH:12
BRDA:24,0,0,6
BRDA:24,0,1,10
BRDA:24,1,0,16
BRDA:24,1,1,11
BRDA:50,2,0,2
BRDA:50,2,1,20
BRDA:52,3,0,4
BRDA:52,3,1,16
BRF:8
BRH:8
end_of_record
TN:
SF:src\views\DashboardFormUI.js
FN:7,(anonymous_0)
FN:24,(anonymous_1)
FNF:2
FNH:2
FNDA:9,(anonymous_0)
FNDA:9,(anonymous_1)
DA:7,9
DA:26,9
LF:2
LH:2
BRDA:79,0,0,6
BRDA:79,0,1,3
BRDA:92,1,0,6
BRDA:92,1,1,3
BRF:4
BRH:4
end_of_record
TN:
SF:src\views\DashboardUI.js
FN:8,(anonymous_0)
FNF:1
FNH:1
FNDA:13,(anonymous_0)
DA:10,13
DA:11,1
DA:12,12
DA:13,3
DA:16,9
LF:5
LH:5
BRDA:10,0,0,1
BRDA:10,0,1,12
BRDA:12,1,0,3
BRDA:12,1,1,9
BRDA:22,2,0,9
BRDA:22,2,1,2
BRDA:29,3,0,9
BRDA:29,3,1,2
BRDA:36,4,0,9
BRDA:36,4,1,2
BRF:10
BRH:10
end_of_record
TN:
SF:src\views\ErrorPage.js
FN:3,(anonymous_0)
FNF:1
FNH:1
FNDA:9,(anonymous_0)
DA:5,9
LF:1
LH:1
BRDA:13,0,0,8
BRDA:13,0,1,1
BRF:2
BRH:2
end_of_record
TN:
SF:src\views\LoadingPage.js
FN:3,(anonymous_0)
FNF:1
FNH:1
FNDA:4,(anonymous_0)
DA:5,4
LF:1
LH:1
BRF:0
BRH:0
end_of_record
TN:
SF:src\views\LoginUI.js
FN:2,(anonymous_0)
FNF:1
FNH:1
FNDA:16,(anonymous_0)
DA:4,16
LF:1
LH:1
BRF:0
BRH:0
end_of_record
TN:
SF:src\views\NewBillUI.js
FN:3,(anonymous_0)
FNF:1
FNH:1
FNDA:8,(anonymous_0)
DA:5,8
LF:1
LH:1
BRF:0
BRH:0
end_of_record
TN:
SF:src\views\VerticalLayout.js
FN:5,(anonymous_0)
FNF:1
FNH:1
FNDA:47,(anonymous_0)
DA:7,47
DA:8,47
DA:9,33
DA:11,47
DA:12,25
DA:29,22
LF:6
LH:6
BRDA:8,0,0,33
BRDA:8,0,1,14
BRDA:11,1,0,25
BRDA:11,1,1,22
BRDA:11,2,0,47
BRDA:11,2,1,33
BRF:6
BRH:6
end_of_record
